# JRE version: OpenJDK Runtime Environment (8.0_202-b03) (build 1.8.0_202-release-1483-b03)
# Java VM: OpenJDK 64-Bit Server VM (25.202-b03 mixed mode windows-amd64 compressed oops)
Heap:
 PSYoungGen      total 487936K, used 242984K [0x00000000e0000000, 0x0000000100000000, 0x0000000100000000)
  eden space 458752K, 47% used [0x00000000e0000000,0x00000000ed414e88,0x00000000fc000000)
  from space 29184K, 88% used [0x00000000fe380000,0x00000000ffcb5388,0x0000000100000000)
  to   space 32768K, 0% used [0x00000000fc000000,0x00000000fc000000,0x00000000fe000000)
 ParOldGen       total 126976K, used 55230K [0x00000000a0000000, 0x00000000a7c00000, 0x00000000e0000000)
  object space 126976K, 43% used [0x00000000a0000000,0x00000000a35ef898,0x00000000a7c00000)
 Metaspace       used 91611K, capacity 95846K, committed 96128K, reserved 1132544K
  class space    used 11790K, capacity 12594K, committed 12672K, reserved 1048576K
GC Heap History (10 events):
Event: 584.153 GC heap before
{Heap before GC invocations=17 (full 3):
 PSYoungGen      total 285184K, used 285157K [0x00000000e0000000, 0x00000000f9b00000, 0x0000000100000000)
  eden space 263168K, 100% used [0x00000000e0000000,0x00000000f0100000,0x00000000f0100000)
  from space 22016K, 99% used [0x00000000f0100000,0x00000000f1679758,0x00000000f1680000)
  to   space 29696K, 0% used [0x00000000f7e00000,0x00000000f7e00000,0x00000000f9b00000)
 ParOldGen       total 126976K, used 43138K [0x00000000a0000000, 0x00000000a7c00000, 0x00000000e0000000)
  object space 126976K, 33% used [0x00000000a0000000,0x00000000a2a20810,0x00000000a7c00000)
 Metaspace       used 74771K, capacity 77980K, committed 78208K, reserved 1118208K
  class space    used 9713K, capacity 10363K, committed 10368K, reserved 1048576K
Event: 584.191 GC heap after
Heap after GC invocations=17 (full 3):
 PSYoungGen      total 382976K, used 5744K [0x00000000e0000000, 0x00000000f9680000, 0x0000000100000000)
  eden space 357888K, 0% used [0x00000000e0000000,0x00000000e0000000,0x00000000f5d80000)
  from space 25088K, 22% used [0x00000000f7e00000,0x00000000f839c0a8,0x00000000f9680000)
  to   space 29184K, 0% used [0x00000000f5d80000,0x00000000f5d80000,0x00000000f7a00000)
 ParOldGen       total 126976K, used 47995K [0x00000000a0000000, 0x00000000a7c00000, 0x00000000e0000000)
  object space 126976K, 37% used [0x00000000a0000000,0x00000000a2edede0,0x00000000a7c00000)
 Metaspace       used 74771K, capacity 77980K, committed 78208K, reserved 1118208K
  class space    used 9713K, capacity 10363K, committed 10368K, reserved 1048576K
}
Event: 589.299 GC heap before
{Heap before GC invocations=18 (full 3):
 PSYoungGen      total 382976K, used 363632K [0x00000000e0000000, 0x00000000f9680000, 0x0000000100000000)
  eden space 357888K, 100% used [0x00000000e0000000,0x00000000f5d80000,0x00000000f5d80000)
  from space 25088K, 22% used [0x00000000f7e00000,0x00000000f839c0a8,0x00000000f9680000)
  to   space 29184K, 0% used [0x00000000f5d80000,0x00000000f5d80000,0x00000000f7a00000)
 ParOldGen       total 126976K, used 47995K [0x00000000a0000000, 0x00000000a7c00000, 0x00000000e0000000)
  object space 126976K, 37% used [0x00000000a0000000,0x00000000a2edede0,0x00000000a7c00000)
 Metaspace       used 75868K, capacity 79094K, committed 79360K, reserved 1118208K
  class space    used 9818K, capacity 10456K, committed 10496K, reserved 1048576K
Event: 589.313 GC heap after
Heap after GC invocations=18 (full 3):
 PSYoungGen      total 387072K, used 4216K [0x00000000e0000000, 0x0000000100000000, 0x0000000100000000)
  eden space 357888K, 0% used [0x00000000e0000000,0x00000000e0000000,0x00000000f5d80000)
  from space 29184K, 14% used [0x00000000f5d80000,0x00000000f619e030,0x00000000f7a00000)
  to   space 29184K, 0% used [0x00000000fe380000,0x00000000fe380000,0x0000000100000000)
 ParOldGen       total 126976K, used 52669K [0x00000000a0000000, 0x00000000a7c00000, 0x00000000e0000000)
  object space 126976K, 41% used [0x00000000a0000000,0x00000000a336f668,0x00000000a7c00000)
 Metaspace       used 75868K, capacity 79094K, committed 79360K, reserved 1118208K
  class space    used 9818K, capacity 10456K, committed 10496K, reserved 1048576K
}
Event: 594.760 GC heap before
{Heap before GC invocations=19 (full 3):
 PSYoungGen      total 387072K, used 362104K [0x00000000e0000000, 0x0000000100000000, 0x0000000100000000)
  eden space 357888K, 100% used [0x00000000e0000000,0x00000000f5d80000,0x00000000f5d80000)
  from space 29184K, 14% used [0x00000000f5d80000,0x00000000f619e030,0x00000000f7a00000)
  to   space 29184K, 0% used [0x00000000fe380000,0x00000000fe380000,0x0000000100000000)
 ParOldGen       total 126976K, used 52669K [0x00000000a0000000, 0x00000000a7c00000, 0x00000000e0000000)
  object space 126976K, 41% used [0x00000000a0000000,0x00000000a336f668,0x00000000a7c00000)
 Metaspace       used 84655K, capacity 88092K, committed 88192K, reserved 1126400K
  class space    used 10885K, capacity 11587K, committed 11648K, reserved 1048576K
Event: 594.788 GC heap after
Heap after GC invocations=19 (full 3):
 PSYoungGen      total 478720K, used 13019K [0x00000000e0000000, 0x00000000ff680000, 0x0000000100000000)
  eden space 459264K, 0% used [0x00000000e0000000,0x00000000e0000000,0x00000000fc080000)
  from space 19456K, 66% used [0x00000000fe380000,0x00000000ff036f98,0x00000000ff680000)
  to   space 27648K, 0% used [0x00000000fc080000,0x00000000fc080000,0x00000000fdb80000)
 ParOldGen       total 126976K, used 55222K [0x00000000a0000000, 0x00000000a7c00000, 0x00000000e0000000)
  object space 126976K, 43% used [0x00000000a0000000,0x00000000a35ed898,0x00000000a7c00000)
 Metaspace       used 84655K, capacity 88092K, committed 88192K, reserved 1126400K
  class space    used 10885K, capacity 11587K, committed 11648K, reserved 1048576K
}
Event: 599.060 GC heap before
{Heap before GC invocations=20 (full 3):
 PSYoungGen      total 478720K, used 472283K [0x00000000e0000000, 0x00000000ff680000, 0x0000000100000000)
  eden space 459264K, 100% used [0x00000000e0000000,0x00000000fc080000,0x00000000fc080000)
  from space 19456K, 66% used [0x00000000fe380000,0x00000000ff036f98,0x00000000ff680000)
  to   space 27648K, 0% used [0x00000000fc080000,0x00000000fc080000,0x00000000fdb80000)
 ParOldGen       total 126976K, used 55222K [0x00000000a0000000, 0x00000000a7c00000, 0x00000000e0000000)
  object space 126976K, 43% used [0x00000000a0000000,0x00000000a35ed898,0x00000000a7c00000)
 Metaspace       used 91198K, capacity 95314K, committed 95488K, reserved 1132544K
  class space    used 11750K, capacity 12538K, committed 12544K, reserved 1048576K
Event: 599.101 GC heap after
Heap after GC invocations=20 (full 3):
 PSYoungGen      total 486912K, used 20282K [0x00000000e0000000, 0x0000000100000000, 0x0000000100000000)
  eden space 459264K, 0% used [0x00000000e0000000,0x00000000e0000000,0x00000000fc080000)
  from space 27648K, 73% used [0x00000000fc080000,0x00000000fd44eb00,0x00000000fdb80000)
  to   space 29184K, 0% used [0x00000000fe380000,0x00000000fe380000,0x0000000100000000)
 ParOldGen       total 126976K, used 55222K [0x00000000a0000000, 0x00000000a7c00000, 0x00000000e0000000)
  object space 126976K, 43% used [0x00000000a0000000,0x00000000a35ed898,0x00000000a7c00000)
 Metaspace       used 91198K, capacity 95314K, committed 95488K, reserved 1132544K
  class space    used 11750K, capacity 12538K, committed 12544K, reserved 1048576K
}
Event: 601.332 GC heap before
{Heap before GC invocations=21 (full 3):
 PSYoungGen      total 486912K, used 479546K [0x00000000e0000000, 0x0000000100000000, 0x0000000100000000)
  eden space 459264K, 100% used [0x00000000e0000000,0x00000000fc080000,0x00000000fc080000)
  from space 27648K, 73% used [0x00000000fc080000,0x00000000fd44eb00,0x00000000fdb80000)
  to   space 29184K, 0% used [0x00000000fe380000,0x00000000fe380000,0x0000000100000000)
 ParOldGen       total 126976K, used 55222K [0x00000000a0000000, 0x00000000a7c00000, 0x00000000e0000000)
  object space 126976K, 43% used [0x00000000a0000000,0x00000000a35ed898,0x00000000a7c00000)
 Metaspace       used 91554K, capacity 95782K, committed 95872K, reserved 1132544K
  class space    used 11790K, capacity 12594K, committed 12672K, reserved 1048576K
Event: 601.383 GC heap after
Heap after GC invocations=21 (full 3):
 PSYoungGen      total 487936K, used 25812K [0x00000000e0000000, 0x0000000100000000, 0x0000000100000000)
  eden space 458752K, 0% used [0x00000000e0000000,0x00000000e0000000,0x00000000fc000000)
  from space 29184K, 88% used [0x00000000fe380000,0x00000000ffcb5388,0x0000000100000000)
  to   space 32768K, 0% used [0x00000000fc000000,0x00000000fc000000,0x00000000fe000000)
 ParOldGen       total 126976K, used 55230K [0x00000000a0000000, 0x00000000a7c00000, 0x00000000e0000000)
  object space 126976K, 43% used [0x00000000a0000000,0x00000000a35ef898,0x00000000a7c00000)
 Metaspace       used 91554K, capacity 95782K, committed 95872K, reserved 1132544K
  class space    used 11790K, capacity 12594K, committed 12672K, reserved 1048576K
}

