# JRE version: OpenJDK Runtime Environment (8.0_202-b03) (build 1.8.0_202-release-1483-b03)
# Java VM: OpenJDK 64-Bit Server VM (25.202-b03 mixed mode windows-amd64 compressed oops)
Heap:
 PSYoungGen      total 190976K, used 3544K [0x00000000e0000000, 0x00000000ee780000, 0x0000000100000000)
  eden space 169984K, 2% used [0x00000000e0000000,0x00000000e0376280,0x00000000ea600000)
  from space 20992K, 0% used [0x00000000ebb00000,0x00000000ebb00000,0x00000000ecf80000)
  to   space 21504K, 0% used [0x00000000ea600000,0x00000000ea600000,0x00000000ebb00000)
 ParOldGen       total 139776K, used 28579K [0x00000000a0000000, 0x00000000a8880000, 0x00000000e0000000)
  object space 139776K, 20% used [0x00000000a0000000,0x00000000a1be8e20,0x00000000a8880000)
 Metaspace       used 57227K, capacity 58984K, committed 59096K, reserved 1099776K
  class space    used 7662K, capacity 8043K, committed 8064K, reserved 1048576K
GC Heap History (10 events):
Event: 9.152 GC heap before
{Heap before GC invocations=9 (full 2):
 PSYoungGen      total 141312K, used 11771K [0x00000000e0000000, 0x00000000ea880000, 0x0000000100000000)
  eden space 129536K, 0% used [0x00000000e0000000,0x00000000e0000000,0x00000000e7e80000)
  from space 11776K, 99% used [0x00000000e7e80000,0x00000000e89feef0,0x00000000e8a00000)
  to   space 13824K, 0% used [0x00000000e9b00000,0x00000000e9b00000,0x00000000ea880000)
 ParOldGen       total 66560K, used 11840K [0x00000000a0000000, 0x00000000a4100000, 0x00000000e0000000)
  object space 66560K, 17% used [0x00000000a0000000,0x00000000a0b90218,0x00000000a4100000)
 Metaspace       used 34610K, capacity 35354K, committed 35456K, reserved 1079296K
  class space    used 4730K, capacity 4929K, committed 4992K, reserved 1048576K
Event: 9.292 GC heap after
Heap after GC invocations=9 (full 2):
 PSYoungGen      total 141312K, used 0K [0x00000000e0000000, 0x00000000ea880000, 0x0000000100000000)
  eden space 129536K, 0% used [0x00000000e0000000,0x00000000e0000000,0x00000000e7e80000)
  from space 11776K, 0% used [0x00000000e7e80000,0x00000000e7e80000,0x00000000e8a00000)
  to   space 13824K, 0% used [0x00000000e9b00000,0x00000000e9b00000,0x00000000ea880000)
 ParOldGen       total 107008K, used 19376K [0x00000000a0000000, 0x00000000a6880000, 0x00000000e0000000)
  object space 107008K, 18% used [0x00000000a0000000,0x00000000a12ec178,0x00000000a6880000)
 Metaspace       used 34606K, capacity 35348K, committed 35456K, reserved 1079296K
  class space    used 4729K, capacity 4927K, committed 4992K, reserved 1048576K
}
Event: 11.612 GC heap before
{Heap before GC invocations=10 (full 2):
 PSYoungGen      total 141312K, used 129536K [0x00000000e0000000, 0x00000000ea880000, 0x0000000100000000)
  eden space 129536K, 100% used [0x00000000e0000000,0x00000000e7e80000,0x00000000e7e80000)
  from space 11776K, 0% used [0x00000000e7e80000,0x00000000e7e80000,0x00000000e8a00000)
  to   space 13824K, 0% used [0x00000000e9b00000,0x00000000e9b00000,0x00000000ea880000)
 ParOldGen       total 107008K, used 19376K [0x00000000a0000000, 0x00000000a6880000, 0x00000000e0000000)
  object space 107008K, 18% used [0x00000000a0000000,0x00000000a12ec178,0x00000000a6880000)
 Metaspace       used 45814K, capacity 47074K, committed 47360K, reserved 1089536K
  class space    used 6100K, capacity 6362K, committed 6400K, reserved 1048576K
Event: 11.639 GC heap after
Heap after GC invocations=10 (full 2):
 PSYoungGen      total 156160K, used 13800K [0x00000000e0000000, 0x00000000ec880000, 0x0000000100000000)
  eden space 142336K, 0% used [0x00000000e0000000,0x00000000e0000000,0x00000000e8b00000)
  from space 13824K, 99% used [0x00000000e9b00000,0x00000000ea87a180,0x00000000ea880000)
  to   space 16384K, 0% used [0x00000000e8b00000,0x00000000e8b00000,0x00000000e9b00000)
 ParOldGen       total 107008K, used 20617K [0x00000000a0000000, 0x00000000a6880000, 0x00000000e0000000)
  object space 107008K, 19% used [0x00000000a0000000,0x00000000a1422750,0x00000000a6880000)
 Metaspace       used 45814K, capacity 47074K, committed 47360K, reserved 1089536K
  class space    used 6100K, capacity 6362K, committed 6400K, reserved 1048576K
}
Event: 15.025 GC heap before
{Heap before GC invocations=11 (full 2):
 PSYoungGen      total 156160K, used 156136K [0x00000000e0000000, 0x00000000ec880000, 0x0000000100000000)
  eden space 142336K, 100% used [0x00000000e0000000,0x00000000e8b00000,0x00000000e8b00000)
  from space 13824K, 99% used [0x00000000e9b00000,0x00000000ea87a180,0x00000000ea880000)
  to   space 16384K, 0% used [0x00000000e8b00000,0x00000000e8b00000,0x00000000e9b00000)
 ParOldGen       total 107008K, used 20617K [0x00000000a0000000, 0x00000000a6880000, 0x00000000e0000000)
  object space 107008K, 19% used [0x00000000a0000000,0x00000000a1422750,0x00000000a6880000)
 Metaspace       used 56225K, capacity 58116K, committed 58240K, reserved 1099776K
  class space    used 7559K, capacity 7985K, committed 8064K, reserved 1048576K
Event: 15.062 GC heap after
Heap after GC invocations=11 (full 2):
 PSYoungGen      total 158720K, used 16360K [0x00000000e0000000, 0x00000000ecf80000, 0x0000000100000000)
  eden space 142336K, 0% used [0x00000000e0000000,0x00000000e0000000,0x00000000e8b00000)
  from space 16384K, 99% used [0x00000000e8b00000,0x00000000e9afa148,0x00000000e9b00000)
  to   space 20992K, 0% used [0x00000000ebb00000,0x00000000ebb00000,0x00000000ecf80000)
 ParOldGen       total 107008K, used 26719K [0x00000000a0000000, 0x00000000a6880000, 0x00000000e0000000)
  object space 107008K, 24% used [0x00000000a0000000,0x00000000a1a17e98,0x00000000a6880000)
 Metaspace       used 56225K, capacity 58116K, committed 58240K, reserved 1099776K
  class space    used 7559K, capacity 7985K, committed 8064K, reserved 1048576K
}
Event: 15.278 GC heap before
{Heap before GC invocations=12 (full 2):
 PSYoungGen      total 158720K, used 21990K [0x00000000e0000000, 0x00000000ecf80000, 0x0000000100000000)
  eden space 142336K, 3% used [0x00000000e0000000,0x00000000e057f8a0,0x00000000e8b00000)
  from space 16384K, 99% used [0x00000000e8b00000,0x00000000e9afa148,0x00000000e9b00000)
  to   space 20992K, 0% used [0x00000000ebb00000,0x00000000ebb00000,0x00000000ecf80000)
 ParOldGen       total 107008K, used 26719K [0x00000000a0000000, 0x00000000a6880000, 0x00000000e0000000)
  object space 107008K, 24% used [0x00000000a0000000,0x00000000a1a17e98,0x00000000a6880000)
 Metaspace       used 57153K, capacity 59032K, committed 59096K, reserved 1099776K
  class space    used 7649K, capacity 8053K, committed 8064K, reserved 1048576K
Event: 15.306 GC heap after
Heap after GC invocations=12 (full 2):
 PSYoungGen      total 190976K, used 14612K [0x00000000e0000000, 0x00000000ee780000, 0x0000000100000000)
  eden space 169984K, 0% used [0x00000000e0000000,0x00000000e0000000,0x00000000ea600000)
  from space 20992K, 69% used [0x00000000ebb00000,0x00000000ec945350,0x00000000ecf80000)
  to   space 21504K, 0% used [0x00000000ea600000,0x00000000ea600000,0x00000000ebb00000)
 ParOldGen       total 107008K, used 26727K [0x00000000a0000000, 0x00000000a6880000, 0x00000000e0000000)
  object space 107008K, 24% used [0x00000000a0000000,0x00000000a1a19e98,0x00000000a6880000)
 Metaspace       used 57153K, capacity 59032K, committed 59096K, reserved 1099776K
  class space    used 7649K, capacity 8053K, committed 8064K, reserved 1048576K
}
Event: 15.306 GC heap before
{Heap before GC invocations=13 (full 3):
 PSYoungGen      total 190976K, used 14612K [0x00000000e0000000, 0x00000000ee780000, 0x0000000100000000)
  eden space 169984K, 0% used [0x00000000e0000000,0x00000000e0000000,0x00000000ea600000)
  from space 20992K, 69% used [0x00000000ebb00000,0x00000000ec945350,0x00000000ecf80000)
  to   space 21504K, 0% used [0x00000000ea600000,0x00000000ea600000,0x00000000ebb00000)
 ParOldGen       total 107008K, used 26727K [0x00000000a0000000, 0x00000000a6880000, 0x00000000e0000000)
  object space 107008K, 24% used [0x00000000a0000000,0x00000000a1a19e98,0x00000000a6880000)
 Metaspace       used 57153K, capacity 59032K, committed 59096K, reserved 1099776K
  class space    used 7649K, capacity 8053K, committed 8064K, reserved 1048576K
Event: 15.570 GC heap after
Heap after GC invocations=13 (full 3):
 PSYoungGen      total 190976K, used 0K [0x00000000e0000000, 0x00000000ee780000, 0x0000000100000000)
  eden space 169984K, 0% used [0x00000000e0000000,0x00000000e0000000,0x00000000ea600000)
  from space 20992K, 0% used [0x00000000ebb00000,0x00000000ebb00000,0x00000000ecf80000)
  to   space 21504K, 0% used [0x00000000ea600000,0x00000000ea600000,0x00000000ebb00000)
 ParOldGen       total 139776K, used 28579K [0x00000000a0000000, 0x00000000a8880000, 0x00000000e0000000)
  object space 139776K, 20% used [0x00000000a0000000,0x00000000a1be8e20,0x00000000a8880000)
 Metaspace       used 57113K, capacity 58896K, committed 59096K, reserved 1099776K
  class space    used 7638K, capacity 8037K, committed 8064K, reserved 1048576K
}

