# JRE version: OpenJDK Runtime Environment (8.0_202-b03) (build 1.8.0_202-release-1483-b03)
# Java VM: OpenJDK 64-Bit Server VM (25.202-b03 mixed mode windows-amd64 compressed oops)
Heap:
 PSYoungGen      total 180224K, used 21520K [0x00000000e0000000, 0x00000000eca00000, 0x0000000100000000)
  eden space 162304K, 13% used [0x00000000e0000000,0x00000000e1504200,0x00000000e9e80000)
  from space 17920K, 0% used [0x00000000eb000000,0x00000000eb000000,0x00000000ec180000)
  to   space 17920K, 0% used [0x00000000e9e80000,0x00000000e9e80000,0x00000000eb000000)
 ParOldGen       total 93696K, used 31528K [0x00000000a0000000, 0x00000000a5b80000, 0x00000000e0000000)
  object space 93696K, 33% used [0x00000000a0000000,0x00000000a1eca028,0x00000000a5b80000)
 Metaspace       used 58380K, capacity 60466K, committed 60800K, reserved 1101824K
  class space    used 7973K, capacity 8457K, committed 8576K, reserved 1048576K
GC Heap History (10 events):
Event: 7.979 GC heap before
{Heap before GC invocations=11 (full 2):
 PSYoungGen      total 111616K, used 10105K [0x00000000e0000000, 0x00000000e9e00000, 0x0000000100000000)
  eden space 100352K, 0% used [0x00000000e0000000,0x00000000e0000000,0x00000000e6200000)
  from space 11264K, 89% used [0x00000000e6200000,0x00000000e6bde728,0x00000000e6d00000)
  to   space 11776K, 0% used [0x00000000e9280000,0x00000000e9280000,0x00000000e9e00000)
 ParOldGen       total 60928K, used 8422K [0x00000000a0000000, 0x00000000a3b80000, 0x00000000e0000000)
  object space 60928K, 13% used [0x00000000a0000000,0x00000000a0839b20,0x00000000a3b80000)
 Metaspace       used 34523K, capacity 35450K, committed 35456K, reserved 1079296K
  class space    used 4759K, capacity 4991K, committed 4992K, reserved 1048576K
Event: 8.096 GC heap after
Heap after GC invocations=11 (full 2):
 PSYoungGen      total 111616K, used 0K [0x00000000e0000000, 0x00000000e9e00000, 0x0000000100000000)
  eden space 100352K, 0% used [0x00000000e0000000,0x00000000e0000000,0x00000000e6200000)
  from space 11264K, 0% used [0x00000000e6200000,0x00000000e6200000,0x00000000e6d00000)
  to   space 11776K, 0% used [0x00000000e9280000,0x00000000e9280000,0x00000000e9e00000)
 ParOldGen       total 93696K, used 17015K [0x00000000a0000000, 0x00000000a5b80000, 0x00000000e0000000)
  object space 93696K, 18% used [0x00000000a0000000,0x00000000a109dcd8,0x00000000a5b80000)
 Metaspace       used 34523K, capacity 35450K, committed 35456K, reserved 1079296K
  class space    used 4759K, capacity 4991K, committed 4992K, reserved 1048576K
}
Event: 9.879 GC heap before
{Heap before GC invocations=12 (full 2):
 PSYoungGen      total 111616K, used 100352K [0x00000000e0000000, 0x00000000e9e00000, 0x0000000100000000)
  eden space 100352K, 100% used [0x00000000e0000000,0x00000000e6200000,0x00000000e6200000)
  from space 11264K, 0% used [0x00000000e6200000,0x00000000e6200000,0x00000000e6d00000)
  to   space 11776K, 0% used [0x00000000e9280000,0x00000000e9280000,0x00000000e9e00000)
 ParOldGen       total 93696K, used 17015K [0x00000000a0000000, 0x00000000a5b80000, 0x00000000e0000000)
  object space 93696K, 18% used [0x00000000a0000000,0x00000000a109dcd8,0x00000000a5b80000)
 Metaspace       used 44186K, capacity 45382K, committed 45440K, reserved 1089536K
  class space    used 5980K, capacity 6252K, committed 6272K, reserved 1048576K
Event: 9.897 GC heap after
Heap after GC invocations=12 (full 2):
 PSYoungGen      total 140288K, used 11762K [0x00000000e0000000, 0x00000000e9e00000, 0x0000000100000000)
  eden space 128512K, 0% used [0x00000000e0000000,0x00000000e0000000,0x00000000e7d80000)
  from space 11776K, 99% used [0x00000000e9280000,0x00000000e9dfc860,0x00000000e9e00000)
  to   space 13824K, 0% used [0x00000000e8300000,0x00000000e8300000,0x00000000e9080000)
 ParOldGen       total 93696K, used 18313K [0x00000000a0000000, 0x00000000a5b80000, 0x00000000e0000000)
  object space 93696K, 19% used [0x00000000a0000000,0x00000000a11e24e8,0x00000000a5b80000)
 Metaspace       used 44186K, capacity 45382K, committed 45440K, reserved 1089536K
  class space    used 5980K, capacity 6252K, committed 6272K, reserved 1048576K
}
Event: 12.169 GC heap before
{Heap before GC invocations=13 (full 2):
 PSYoungGen      total 140288K, used 140274K [0x00000000e0000000, 0x00000000e9e00000, 0x0000000100000000)
  eden space 128512K, 100% used [0x00000000e0000000,0x00000000e7d80000,0x00000000e7d80000)
  from space 11776K, 99% used [0x00000000e9280000,0x00000000e9dfc860,0x00000000e9e00000)
  to   space 13824K, 0% used [0x00000000e8300000,0x00000000e8300000,0x00000000e9080000)
 ParOldGen       total 93696K, used 18313K [0x00000000a0000000, 0x00000000a5b80000, 0x00000000e0000000)
  object space 93696K, 19% used [0x00000000a0000000,0x00000000a11e24e8,0x00000000a5b80000)
 Metaspace       used 54235K, capacity 56090K, committed 56192K, reserved 1097728K
  class space    used 7348K, capacity 7746K, committed 7808K, reserved 1048576K
Event: 12.194 GC heap after
Heap after GC invocations=13 (full 2):
 PSYoungGen      total 147968K, used 13809K [0x00000000e0000000, 0x00000000ec180000, 0x0000000100000000)
  eden space 134144K, 0% used [0x00000000e0000000,0x00000000e0000000,0x00000000e8300000)
  from space 13824K, 99% used [0x00000000e8300000,0x00000000e907c6f8,0x00000000e9080000)
  to   space 17920K, 0% used [0x00000000eb000000,0x00000000eb000000,0x00000000ec180000)
 ParOldGen       total 93696K, used 25085K [0x00000000a0000000, 0x00000000a5b80000, 0x00000000e0000000)
  object space 93696K, 26% used [0x00000000a0000000,0x00000000a187f548,0x00000000a5b80000)
 Metaspace       used 54235K, capacity 56090K, committed 56192K, reserved 1097728K
  class space    used 7348K, capacity 7746K, committed 7808K, reserved 1048576K
}
Event: 13.720 GC heap before
{Heap before GC invocations=14 (full 2):
 PSYoungGen      total 147968K, used 78198K [0x00000000e0000000, 0x00000000ec180000, 0x0000000100000000)
  eden space 134144K, 47% used [0x00000000e0000000,0x00000000e3ee1458,0x00000000e8300000)
  from space 13824K, 99% used [0x00000000e8300000,0x00000000e907c6f8,0x00000000e9080000)
  to   space 17920K, 0% used [0x00000000eb000000,0x00000000eb000000,0x00000000ec180000)
 ParOldGen       total 93696K, used 25085K [0x00000000a0000000, 0x00000000a5b80000, 0x00000000e0000000)
  object space 93696K, 26% used [0x00000000a0000000,0x00000000a187f548,0x00000000a5b80000)
 Metaspace       used 57052K, capacity 58962K, committed 59096K, reserved 1099776K
  class space    used 7773K, capacity 8232K, committed 8320K, reserved 1048576K
Event: 13.754 GC heap after
Heap after GC invocations=14 (full 2):
 PSYoungGen      total 180224K, used 4678K [0x00000000e0000000, 0x00000000eca00000, 0x0000000100000000)
  eden space 162304K, 0% used [0x00000000e0000000,0x00000000e0000000,0x00000000e9e80000)
  from space 17920K, 26% used [0x00000000eb000000,0x00000000eb491b88,0x00000000ec180000)
  to   space 17920K, 0% used [0x00000000e9e80000,0x00000000e9e80000,0x00000000eb000000)
 ParOldGen       total 93696K, used 37632K [0x00000000a0000000, 0x00000000a5b80000, 0x00000000e0000000)
  object space 93696K, 40% used [0x00000000a0000000,0x00000000a24c0388,0x00000000a5b80000)
 Metaspace       used 57052K, capacity 58962K, committed 59096K, reserved 1099776K
  class space    used 7773K, capacity 8232K, committed 8320K, reserved 1048576K
}
Event: 13.754 GC heap before
{Heap before GC invocations=15 (full 3):
 PSYoungGen      total 180224K, used 4678K [0x00000000e0000000, 0x00000000eca00000, 0x0000000100000000)
  eden space 162304K, 0% used [0x00000000e0000000,0x00000000e0000000,0x00000000e9e80000)
  from space 17920K, 26% used [0x00000000eb000000,0x00000000eb491b88,0x00000000ec180000)
  to   space 17920K, 0% used [0x00000000e9e80000,0x00000000e9e80000,0x00000000eb000000)
 ParOldGen       total 93696K, used 37632K [0x00000000a0000000, 0x00000000a5b80000, 0x00000000e0000000)
  object space 93696K, 40% used [0x00000000a0000000,0x00000000a24c0388,0x00000000a5b80000)
 Metaspace       used 57052K, capacity 58962K, committed 59096K, reserved 1099776K
  class space    used 7773K, capacity 8232K, committed 8320K, reserved 1048576K
Event: 14.136 GC heap after
Heap after GC invocations=15 (full 3):
 PSYoungGen      total 180224K, used 0K [0x00000000e0000000, 0x00000000eca00000, 0x0000000100000000)
  eden space 162304K, 0% used [0x00000000e0000000,0x00000000e0000000,0x00000000e9e80000)
  from space 17920K, 0% used [0x00000000eb000000,0x00000000eb000000,0x00000000ec180000)
  to   space 17920K, 0% used [0x00000000e9e80000,0x00000000e9e80000,0x00000000eb000000)
 ParOldGen       total 93696K, used 31528K [0x00000000a0000000, 0x00000000a5b80000, 0x00000000e0000000)
  object space 93696K, 33% used [0x00000000a0000000,0x00000000a1eca028,0x00000000a5b80000)
 Metaspace       used 57050K, capacity 58956K, committed 59096K, reserved 1099776K
  class space    used 7772K, capacity 8231K, committed 8320K, reserved 1048576K
}

